This is pdfeTeX, Version 3.141592-1.21a-2.2 (Web2C 7.5.4) (format=pdflatex 2005.7.25)  20 AUG 2005 16:43
entering extended mode
**documentation
(./documentation.tex
LaTeX2e <2003/12/01>
Babel <v3.8d> and hyphenation patterns for american, french, german, ngerman, b
ahasa, basque, bulgarian, catalan, croatian, czech, danish, dutch, esperanto, e
stonian, finnish, greek, icelandic, irish, italian, latin, magyar, norsk, polis
h, portuges, romanian, russian, serbian, slovak, slovene, spanish, swedish, tur
kish, ukrainian, nohyphenation, loaded.
(/sw/share/texmf-dist/tex/latex/base/article.cls
Document Class: article 2004/02/16 v1.4f Standard LaTeX document class
(/sw/share/texmf-dist/tex/latex/base/size11.clo
File: size11.clo 2004/02/16 v1.4f Standard LaTeX file (size option)
)
\c@part=\count79
\c@section=\count80
\c@subsection=\count81
\c@subsubsection=\count82
\c@paragraph=\count83
\c@subparagraph=\count84
\c@figure=\count85
\c@table=\count86
\abovecaptionskip=\skip41
\belowcaptionskip=\skip42
\bibindent=\dimen102
)
(/sw/share/texmf-dist/tex/latex/base/fontenc.sty
Package: fontenc 2004/02/22 v1.99f Standard LaTeX package

(/sw/share/texmf-dist/tex/latex/base/t1enc.def
File: t1enc.def 2004/02/22 v1.99f Standard LaTeX file
LaTeX Font Info:    Redeclaring font encoding T1 on input line 43.
))
(/sw/share/texmf-dist/tex/latex/ae/ae.sty
Package: ae 2001/02/12 1.3 Almost European Computer Modern

(/sw/share/texmf-dist/tex/latex/base/fontenc.sty
Package: fontenc 2004/02/22 v1.99f Standard LaTeX package

(/sw/share/texmf-dist/tex/latex/base/t1enc.def
File: t1enc.def 2004/02/22 v1.99f Standard LaTeX file
LaTeX Font Info:    Redeclaring font encoding T1 on input line 43.
)
LaTeX Font Info:    Try loading font information for T1+aer on input line 100.

(/sw/share/texmf-dist/tex/latex/ae/t1aer.fd
File: t1aer.fd 1997/11/16 Font definitions for T1/aer.
)))
(/sw/share/texmf-dist/tex/latex/ae/aecompl.sty
Package: aecompl 1998/07/23 0.9 T1 Complements for AE fonts (D. Roegel)
)
(/sw/share/texmf-dist/tex/generic/babel/babel.sty
Package: babel 2004/11/20 v3.8d The Babel package

(/sw/share/texmf-dist/tex/generic/babel/frenchb.ldf
Language: french 2004/04/02 v1.6f French support from the babel system

(/sw/share/texmf-dist/tex/generic/babel/babel.def
File: babel.def 2004/11/20 v3.8d Babel common definitions
\babel@savecnt=\count87
\U@D=\dimen103
)
Package babel Info: Making : an active character on input line 219.
Package babel Info: Making ; an active character on input line 220.
Package babel Info: Making ! an active character on input line 221.
Package babel Info: Making ? an active character on input line 222.
LaTeX Font Info:    Redeclaring font encoding T1 on input line 299.
\parindentFFN=\dimen104
\std@mcc=\count88
\dec@mcc=\count89

*************************************
* Local config file frenchb.cfg used
*
(/sw/share/texmf-dist/tex/generic/babel/frenchb.cfg)))
(/sw/share/texmf-dist/tex/latex/graphics/graphicx.sty
Package: graphicx 1999/02/16 v1.0f Enhanced LaTeX Graphics (DPC,SPQR)

(/sw/share/texmf-dist/tex/latex/graphics/keyval.sty
Package: keyval 1999/03/16 v1.13 key=value parser (DPC)
\KV@toks@=\toks14
)
(/sw/share/texmf-dist/tex/latex/graphics/graphics.sty
Package: graphics 2001/07/07 v1.0n Standard LaTeX Graphics (DPC,SPQR)

(/sw/share/texmf-dist/tex/latex/graphics/trig.sty
Package: trig 1999/03/16 v1.09 sin cos tan (DPC)
)
(/sw/share/texmf-dist/tex/latex/graphics/graphics.cfg
File: graphics.cfg 2005/02/03 v1.3 graphics configuration of teTeX/TeXLive
)
Package graphics Info: Driver file: pdftex.def on input line 80.

(/sw/share/texmf-dist/tex/latex/graphics/pdftex.def
File: pdftex.def 2002/06/19 v0.03k graphics/color for pdftex
\Gread@gobject=\count90
))
\Gin@req@height=\dimen105
\Gin@req@width=\dimen106
)
(/sw/share/texmf-dist/tex/latex/minitoc/minitoc.sty
Package: minitoc 2004/12/20 v40 Package minitoc, compatible with hyperref

*** minitoc package, version 40 ***
*** compatible with hyperref ***
\mtcindent=\skip43
\mtcskipamount=\skip44
*** part level macros available ***
*** section level macros available ***
\tf@mtc=\write3
*** Autoconfiguration of extensions ***
\openout3 = `documentation.mtc1'.

\openout3 = `documentation.mtc'.

(./documentation.mtc1)
\openout3 = `documentation.mtc'.

\openout3 = `documentation.mtc1'.


*** Long extensions (Unix-like) will be used ***
==> this version is configured for UNIX-like (long extensions) file names.
\mtc@toks=\toks15
\mtc@strutbox=\box26
\c@ptc=\count91
\c@parttocdepth=\count92
\ptcindent=\skip45
\c@stc=\count93
\c@secttocdepth=\count94
\stcindent=\skip46
(/sw/share/texmf-dist/tex/latex/minitoc/english.mld
File: english.mld 1999/03/16
)
(/sw/share/texmf-dist/tex/latex/minitoc/french.mld
File: french.mld 1999/03/16
))
(/sw/share/texmf-dist/tex/latex/fancyhdr/fancyhdr.sty
\fancy@headwidth=\skip47
\f@ncyO@elh=\skip48
\f@ncyO@erh=\skip49
\f@ncyO@olh=\skip50
\f@ncyO@orh=\skip51
\f@ncyO@elf=\skip52
\f@ncyO@erf=\skip53
\f@ncyO@olf=\skip54
\f@ncyO@orf=\skip55
)
(/sw/share/texmf-dist/tex/latex/lastpage/lastpage.sty
Package: lastpage 1994/06/25 v0.1b LaTeX2e package for refs to last page number
 (JPG)
)
(/sw/share/texmf-dist/tex/latex/hyperref/hyperref.sty
Package: hyperref 2003/11/30 v6.74m Hypertext links for LaTeX
\@linkdim=\dimen107
\Hy@linkcounter=\count95
\Hy@pagecounter=\count96

(/sw/share/texmf-dist/tex/latex/hyperref/pd1enc.def
File: pd1enc.def 2003/11/30 v6.74m Hyperref: PDFDocEncoding definition (HO)
)
(/sw/share/texmf-dist/tex/latex/hyperref/hyperref.cfg
File: hyperref.cfg 2002/06/06 v1.2 hyperref configuration of TeXLive and teTeX
)
Package hyperref Info: Hyper figures OFF on input line 1880.
Package hyperref Info: Link nesting OFF on input line 1885.
Package hyperref Info: Hyper index ON on input line 1888.
Package hyperref Info: Plain pages ON on input line 1893.
Package hyperref Info: Backreferencing OFF on input line 1900.

Implicit mode ON; LaTeX internals redefined
Package hyperref Info: Bookmarks ON on input line 2004.
(/sw/share/texmf-dist/tex/latex/url/url.sty
\Urlmuskip=\muskip10
Package: url 2004/03/15  ver 3.1  Verb mode for urls, etc.
)
LaTeX Info: Redefining \url on input line 2143.
\Fld@menulength=\count97
\Field@Width=\dimen108
\Fld@charsize=\dimen109
\Choice@toks=\toks16
\Field@toks=\toks17
Package hyperref Info: Hyper figures OFF on input line 2618.
Package hyperref Info: Link nesting OFF on input line 2623.
Package hyperref Info: Hyper index ON on input line 2626.
Package hyperref Info: backreferencing OFF on input line 2633.
Package hyperref Info: Link coloring OFF on input line 2638.
\c@Item=\count98
\c@Hfootnote=\count99
)
*hyperref using default driver hpdftex*
(/sw/share/texmf-dist/tex/latex/hyperref/hpdftex.def
File: hpdftex.def 2003/11/30 v6.74m Hyperref driver for pdfTeX

(/sw/share/texmf-dist/tex/latex/psnfss/pifont.sty
Package: pifont 2004/09/15 PSNFSS-v9.2 Pi font support (SPQR) 
LaTeX Font Info:    Try loading font information for U+pzd on input line 63.

(/sw/share/texmf-dist/tex/latex/psnfss/upzd.fd
File: upzd.fd 2001/06/04 font definitions for U/pzd.
)
LaTeX Font Info:    Try loading font information for U+psy on input line 64.

(/sw/share/texmf-dist/tex/latex/psnfss/upsy.fd
File: upsy.fd 2001/06/04 font definitions for U/psy.
))
\Fld@listcount=\count100
\@outlinefile=\write4
)
(/sw/share/texmf-dist/tex/latex/base/inputenc.sty
Package: inputenc 2004/02/05 v1.0d Input encoding file

(/sw/share/texmf-dist/tex/latex/base/applemac.def
File: applemac.def 2004/02/05 v1.0d Input encoding file
))
(/sw/share/texmf-dist/tex/latex/float/float.sty
Package: float 2001/11/08 v1.3d Float enhancements (AL)
\c@float@type=\count101
\float@exts=\toks18
\float@box=\box27
\@float@everytoks=\toks19
\@floatcapt=\box28
)

Package hyperref Warning: Token not allowed in a PDFDocEncoded string,
(hyperref)                removing `alignment tab' on input line 62.

Package hyperref Info: Option `colorlinks' set `true' on input line 62.

Package hyperref Warning: Option `pdftex' has already been used,
(hyperref)                setting the option has no effect on input line 62.

\larg=\skip56
(./documentation.aux)
\openout1 = `documentation.aux'.

LaTeX Font Info:    Checking defaults for OML/cmm/m/it on input line 94.
LaTeX Font Info:    ... okay on input line 94.
LaTeX Font Info:    Checking defaults for T1/lmr/m/n on input line 94.
LaTeX Font Info:    Try loading font information for T1+lmr on input line 94.
 (/sw/share/texmf-dist/tex/latex/lm/t1lmr.fd
File: t1lmr.fd 2003/07/22 v1.1 Font defs for Latin Modern
)
LaTeX Font Info:    ... okay on input line 94.
LaTeX Font Info:    Checking defaults for OT1/cmr/m/n on input line 94.
LaTeX Font Info:    ... okay on input line 94.
LaTeX Font Info:    Checking defaults for OMS/cmsy/m/n on input line 94.
LaTeX Font Info:    ... okay on input line 94.
LaTeX Font Info:    Checking defaults for OMX/cmex/m/n on input line 94.
LaTeX Font Info:    ... okay on input line 94.
LaTeX Font Info:    Checking defaults for U/cmr/m/n on input line 94.
LaTeX Font Info:    ... okay on input line 94.
LaTeX Font Info:    Checking defaults for PD1/pdf/m/n on input line 94.
LaTeX Font Info:    ... okay on input line 94.
LaTeX Info: Redefining \dots on input line 94.

(/sw/share/texmf-dist/tex/context/base/supp-pdf.tex
(/sw/share/texmf-dist/tex/context/base/supp-mis.tex
loading : Context Support Macros / Miscellaneous (2004.10.26)
\protectiondepth=\count102
\scratchcounter=\count103
\scratchtoks=\toks20
\scratchdimen=\dimen110
\scratchskip=\skip57
\scratchmuskip=\muskip11
\scratchbox=\box29
\scratchread=\read1
\scratchwrite=\write5
\zeropoint=\dimen111
\onepoint=\dimen112
\onebasepoint=\dimen113
\minusone=\count104
\thousandpoint=\dimen114
\onerealpoint=\dimen115
\emptytoks=\toks21
\nextbox=\box30
\nextdepth=\dimen116
\everyline=\toks22
\!!counta=\count105
\!!countb=\count106
\recursecounter=\count107
)
loading : Context Support Macros / PDF (2004.03.26)
\nofMPsegments=\count108
\nofMParguments=\count109
\MPscratchCnt=\count110
\MPscratchDim=\dimen117
\MPnumerator=\count111
\everyMPtoPDFconversion=\toks23
) (/sw/share/texmf-dist/tex/latex/graphics/color.sty
Package: color 1999/02/16 v1.0i Standard LaTeX Color (DPC)
LaTeX Info: Redefining \color on input line 71.

(/sw/share/texmf-dist/tex/latex/graphics/color.cfg
File: color.cfg 2005/02/03 v1.3 color configuration of teTeX/TeXLive
)
Package color Info: Driver file: pdftex.def on input line 125.
)
Package hyperref Info: Link coloring ON on input line 94.

(/sw/share/texmf-dist/tex/latex/hyperref/nameref.sty
Package: nameref 2003/12/03 v2.21 Cross-referencing by name of section
\c@section@level=\count112
)
LaTeX Info: Redefining \ref on input line 94.
LaTeX Info: Redefining \pageref on input line 94.
 (./documentation.out)
(./documentation.out)
\openout4 = `documentation.out'.

LaTeX Font Info:    External font `cmex10' loaded for size
(Font)              <17.28> on input line 98.
LaTeX Font Info:    External font `cmex10' loaded for size
(Font)              <12> on input line 98.

Overfull \hbox (54.34486pt too wide) in paragraph at lines 98--98
 [] 
 []


Overfull \hbox (56.88568pt too wide) in paragraph at lines 98--98
 [] 
 []


Overfull \hbox (54.34486pt too wide) in paragraph at lines 98--98
 [][] 
 []

LaTeX Font Info:    External font `cmex10' loaded for size
(Font)              <8> on input line 98.
LaTeX Font Info:    External font `cmex10' loaded for size
(Font)              <6> on input line 98.
[1

{/sw/var/lib/texmf/fonts/map/pdftex/updmap/pdftex.map}] (./documentation.toc
LaTeX Font Info:    External font `cmex10' loaded for size
(Font)              <10.95> on input line 5.
)
\tf@toc=\write6
\openout6 = `documentation.toc'.


Package Fancyhdr Warning: \headheight is too small (12.0pt): 
 Make it at least 14.50986pt.
 We now make it that large for the rest of the document.
 This may cause the page layout to be inconsistent, however.

[2]
Underfull \hbox (badness 10000) in paragraph at lines 122--124

 []

LaTeX Font Info:    Try loading font information for T1+aett on input line 126.

(/sw/share/texmf-dist/tex/latex/ae/t1aett.fd
File: t1aett.fd 1997/11/16 Font definitions for T1/aett.
)
Overfull \hbox (2.68573pt too wide) in paragraph at lines 131--133
[]\T1/aer/m/n/10.95 Dans votre fi-chier de confi-gu-ra-tion d'apache, par exemp
le : []\T1/aett/m/n/10.95 httpd.conf \T1/aer/m/n/10.95 pour apache,
 []


Overfull \hbox (4.59137pt too wide) in paragraph at lines 134--135
[]\T1/aer/m/n/10.95 Pour un site ac-ces-sible tel que []\T1/aett/m/n/10.95 http
://www.mondomaine.com/outils\T1/aer/m/n/10.95 , il faut mettre : 
 []


Overfull \hbox (10.88614pt too wide) in paragraph at lines 154--157
[]\T1/aer/m/n/10.95 Une fois les sources ré-cu-pé-rées, il faut les mettre dans
 le ré-per-toire : []\T1/aett/m/n/10.95 /var/www/outils\T1/aer/m/n/10.95 .
 []


Underfull \hbox (badness 10000) in paragraph at lines 154--157

 []


Underfull \hbox (badness 10000) in paragraph at lines 158--161

 []

! pdfTeX warning (ext4): destination with the same identifier (name{page.1}) ha
s been already used, duplicate ignored
<to be read again> 
                   \penalty 
l.161 
       [1]
Overfull \hbox (32.42107pt too wide) in paragraph at lines 176--176
[]\T1/aett/m/n/10.95 $GLOBALS['pass_vue'] = 'outilsrm'; // Mot de passe de l'ut
ilisateur de la base[] 
 []

LaTeX Font Info:    External font `cmex10' loaded for size
(Font)              <9> on input line 201.
LaTeX Font Info:    External font `cmex10' loaded for size
(Font)              <5> on input line 201.
! pdfTeX warning (ext4): destination with the same identifier (name{page.2}) ha
s been already used, duplicate ignored
<to be read again> 
                   \penalty 
l.213 
       [2]
Underfull \hbox (badness 10000) in paragraph at lines 214--217

 []


Underfull \hbox (badness 10000) in paragraph at lines 218--219

 []


Underfull \hbox (badness 10000) in paragraph at lines 226--230

 []


Underfull \hbox (badness 10000) in paragraph at lines 236--238

 []


Underfull \hbox (badness 10000) in paragraph at lines 247--248

 []

[3]
Underfull \hbox (badness 10000) in paragraph at lines 263--265

 []


Overfull \hbox (49.6344pt too wide) in paragraph at lines 275--275
[]\T1/aett/m/n/10.95 wget 'http://outils.mondomaine.com/shim_refresh.php?auto=P
ASS_ADMIN' &> /dev/null[] 
 []


Underfull \hbox (badness 10000) in paragraph at lines 277--278

 []


Overfull \hbox (66.65881pt too wide) in paragraph at lines 286--288
[][]\T1/aett/m/n/10.95 http://outils.mondomaine.comm/shim_refresh.php?pass=PASS
_ADMIN&refresh_error=oui
 []


Underfull \hbox (badness 10000) in paragraph at lines 290--292

 []


Overfull \hbox (20.94551pt too wide) in paragraph at lines 300--300
[]\T1/aett/m/n/10.95 wget -p 'http://outils.mondomaine.com/wanted.php?id=all&pa
ss=PASS_ADMIN'  &&[] 
 []


Underfull \hbox (badness 10000) in paragraph at lines 302--303

 []


Underfull \hbox (badness 10000) in paragraph at lines 310--316

 []

[4]
Overfull \hbox (29.00185pt too wide) in paragraph at lines 321--323
[]\T1/aett/m/n/10.95 http://outils.mondomaine.com/generate_avatar.php?id=all&pa
ss=PASS_ADMIN\T1/aer/m/n/10.95 . 
 []


Overfull \hbox (72.58551pt too wide) in paragraph at lines 345--345
[]\T1/aett/m/n/10.95 wget  -p "http://outils.mondomaine.com/generate_avatar.php
?id=all&pass=PASS_ADMIN" &&[] 
 []


Overfull \hbox (95.53662pt too wide) in paragraph at lines 345--345
[]\T1/aett/m/n/10.95 wget  -p "http://outils.mondomaine.com/generate_avatar.php
?id=viewall&pass=PASS_ADMIN" &&[] 
 []


Overfull \hbox (84.06107pt too wide) in paragraph at lines 345--345
[]\T1/aett/m/n/10.95 mutt -s "Génération des avatars $MYFILE" -a $MYFILE adress
e@mail.net adresse2@mail.fr \[] 
 []


Overfull \hbox (42.59862pt too wide) in paragraph at lines 347--349
[]\T1/aer/m/n/10.95 Le script se lan-cera tous les mar-dis ma-tins à 6h30. Un m
ail sera en-voyé à [] \T1/aett/m/n/10.95 adresse@mail.net
 []


Underfull \hbox (badness 10000) in paragraph at lines 347--349

 []


Underfull \hbox (badness 10000) in paragraph at lines 352--354

 []


Overfull \hbox (72.58551pt too wide) in paragraph at lines 371--371
[]\T1/aett/m/n/10.95 wget -p 'http://outils.mondomaine.com/engine_view.php?bdd=
dumpvue&pass=PASS_ADMIN' &&[] 
 []


Overfull \hbox (61.10995pt too wide) in paragraph at lines 371--371
[]\T1/aett/m/n/10.95 wget 'http://outils.mondomaine.com/engine_view.php?bdd=del
dump&pass=PASS_ADMIN'  &&[] 
 []

[5]
Underfull \hbox (badness 10000) in paragraph at lines 377--379

 []


Underfull \hbox (badness 10000) in paragraph at lines 382--383

 []

AED: lastpage setting LastPage [6] (./documentation.aux) ) 
Here is how much of TeX's memory you used:
 4323 strings out of 94500
 55466 string characters out of 1176114
 115627 words of memory out of 1000000
 7345 multiletter control sequences out of 10000+50000
 44500 words of font info for 89 fonts, out of 500000 for 2000
 580 hyphenation exceptions out of 1000
 28i,14n,43p,225b,368s stack positions out of 1500i,500n,5000p,200000b,5000s
PDF statistics:
 179 PDF objects out of 300000
 29 named destinations out of 131072
 177 words of extra memory for PDF output out of 65536
</sw/share/texmf-dist
/fonts/type1/bluesky/cm/cmr9.pfb></sw/share/texmf-dist/fonts/type1/bluesky/cm/c
mr6.pfb></sw/share/texmf-dist/fonts/type1/bluesky/cm/cmr8.pfb></sw/share/texmf-
dist/fonts/type1/bluesky/cm/cmtt10.pfb></sw/share/texmf-dist/fonts/type1/bluesk
y/cm/cmsl10.pfb></sw/share/texmf-dist/fonts/type1/bluesky/cm/cmbx10.pfb></sw/sh
are/texmf-dist/fonts/type1/bluesky/cm/cmr10.pfb></sw/share/texmf-dist/fonts/typ
e1/bluesky/cm/cmr12.pfb></sw/share/texmf-dist/fonts/type1/bluesky/cm/cmr17.pfb>
</sw/share/texmf-dist/fonts/type1/bluesky/cm/cmbx12.pfb>
Output written on documentation.pdf (8 pages, 120194 bytes).
